# JRE version: OpenJDK Runtime Environment Temurin-21.0.9+10 (21.0.9+10) (build 21.0.9+10-LTS)
# Java VM: OpenJDK 64-Bit Server VM Temurin-21.0.9+10 (21.0.9+10-LTS, mixed mode, sharing, tiered, compressed oops, compressed class ptrs, parallel gc, windows-amd64)
GC Precious Log:
 CardTable entry size: 512
 CPUs: 4 total, 4 available
 Memory: 8082M
 Large Page Support: Disabled
 NUMA Support: Disabled
 Compressed Oops: Enabled (32-bit)
 Alignments: Space 512K, Generation 512K, Heap 2M
 Heap Min Capacity: 100M
 Heap Initial Capacity: 100M
 Heap Max Capacity: 2G
 Pre-touch: Disabled
 Parallel Workers: 4
Heap:
 PSYoungGen      total 12288K, used 6968K [0x00000000d5580000, 0x00000000d6280000, 0x0000000100000000)
  eden space 11776K, 58% used [0x00000000d5580000,0x00000000d5c363e8,0x00000000d6100000)
  from space 512K, 18% used [0x00000000d6180000,0x00000000d6198000,0x00000000d6200000)
  to   space 512K, 0% used [0x00000000d6200000,0x00000000d6200000,0x00000000d6280000)
 ParOldGen       total 911360K, used 910678K [0x0000000080000000, 0x00000000b7a00000, 0x00000000d5580000)
  object space 911360K, 99% used [0x0000000080000000,0x00000000b7955a08,0x00000000b7a00000)
 Metaspace       used 65190K, committed 66688K, reserved 1114112K
  class space    used 7455K, committed 8064K, reserved 1048576K
GC Heap History (20 events):
Event: 141.982 GC heap before
{Heap before GC invocations=425 (full 3):
 PSYoungGen      total 12288K, used 7002K [0x00000000d5580000, 0x00000000d6280000, 0x0000000100000000)
  eden space 11776K, 58% used [0x00000000d5580000,0x00000000d5c36940,0x00000000d6100000)
  from space 512K, 25% used [0x00000000d6180000,0x00000000d61a0000,0x00000000d6200000)
  to   space 512K, 0% used [0x00000000d6200000,0x00000000d6200000,0x00000000d6280000)
 ParOldGen       total 868352K, used 867807K [0x0000000080000000, 0x00000000b5000000, 0x00000000d5580000)
  object space 868352K, 99% used [0x0000000080000000,0x00000000b4f77f38,0x00000000b5000000)
 Metaspace       used 65190K, committed 66688K, reserved 1114112K
  class space    used 7455K, committed 8064K, reserved 1048576K
}
Event: 141.984 GC heap after
{Heap after GC invocations=425 (full 3):
 PSYoungGen      total 12288K, used 128K [0x00000000d5580000, 0x00000000d6280000, 0x0000000100000000)
  eden space 11776K, 0% used [0x00000000d5580000,0x00000000d5580000,0x00000000d6100000)
  from space 512K, 25% used [0x00000000d6200000,0x00000000d6220000,0x00000000d6280000)
  to   space 512K, 0% used [0x00000000d6180000,0x00000000d6180000,0x00000000d6200000)
 ParOldGen       total 868352K, used 867831K [0x0000000080000000, 0x00000000b5000000, 0x00000000d5580000)
  object space 868352K, 99% used [0x0000000080000000,0x00000000b4f7df38,0x00000000b5000000)
 Metaspace       used 65190K, committed 66688K, reserved 1114112K
  class space    used 7455K, committed 8064K, reserved 1048576K
}
Event: 141.998 GC heap before
{Heap before GC invocations=426 (full 3):
 PSYoungGen      total 12288K, used 7002K [0x00000000d5580000, 0x00000000d6280000, 0x0000000100000000)
  eden space 11776K, 58% used [0x00000000d5580000,0x00000000d5c36918,0x00000000d6100000)
  from space 512K, 25% used [0x00000000d6200000,0x00000000d6220000,0x00000000d6280000)
  to   space 512K, 0% used [0x00000000d6180000,0x00000000d6180000,0x00000000d6200000)
 ParOldGen       total 868352K, used 867831K [0x0000000080000000, 0x00000000b5000000, 0x00000000d5580000)
  object space 868352K, 99% used [0x0000000080000000,0x00000000b4f7df38,0x00000000b5000000)
 Metaspace       used 65190K, committed 66688K, reserved 1114112K
  class space    used 7455K, committed 8064K, reserved 1048576K
}
Event: 141.999 GC heap after
{Heap after GC invocations=426 (full 3):
 PSYoungGen      total 12288K, used 128K [0x00000000d5580000, 0x00000000d6280000, 0x0000000100000000)
  eden space 11776K, 0% used [0x00000000d5580000,0x00000000d5580000,0x00000000d6100000)
  from space 512K, 25% used [0x00000000d6180000,0x00000000d61a0000,0x00000000d6200000)
  to   space 512K, 0% used [0x00000000d6200000,0x00000000d6200000,0x00000000d6280000)
 ParOldGen       total 868352K, used 867855K [0x0000000080000000, 0x00000000b5000000, 0x00000000d5580000)
  object space 868352K, 99% used [0x0000000080000000,0x00000000b4f83f38,0x00000000b5000000)
 Metaspace       used 65190K, committed 66688K, reserved 1114112K
  class space    used 7455K, committed 8064K, reserved 1048576K
}
Event: 142.013 GC heap before
{Heap before GC invocations=427 (full 3):
 PSYoungGen      total 12288K, used 7002K [0x00000000d5580000, 0x00000000d6280000, 0x0000000100000000)
  eden space 11776K, 58% used [0x00000000d5580000,0x00000000d5c369f8,0x00000000d6100000)
  from space 512K, 25% used [0x00000000d6180000,0x00000000d61a0000,0x00000000d6200000)
  to   space 512K, 0% used [0x00000000d6200000,0x00000000d6200000,0x00000000d6280000)
 ParOldGen       total 868352K, used 867855K [0x0000000080000000, 0x00000000b5000000, 0x00000000d5580000)
  object space 868352K, 99% used [0x0000000080000000,0x00000000b4f83f38,0x00000000b5000000)
 Metaspace       used 65190K, committed 66688K, reserved 1114112K
  class space    used 7455K, committed 8064K, reserved 1048576K
}
Event: 142.015 GC heap after
{Heap after GC invocations=427 (full 3):
 PSYoungGen      total 12288K, used 128K [0x00000000d5580000, 0x00000000d6280000, 0x0000000100000000)
  eden space 11776K, 0% used [0x00000000d5580000,0x00000000d5580000,0x00000000d6100000)
  from space 512K, 25% used [0x00000000d6200000,0x00000000d6220000,0x00000000d6280000)
  to   space 512K, 0% used [0x00000000d6180000,0x00000000d6180000,0x00000000d6200000)
 ParOldGen       total 868352K, used 867879K [0x0000000080000000, 0x00000000b5000000, 0x00000000d5580000)
  object space 868352K, 99% used [0x0000000080000000,0x00000000b4f89f38,0x00000000b5000000)
 Metaspace       used 65190K, committed 66688K, reserved 1114112K
  class space    used 7455K, committed 8064K, reserved 1048576K
}
Event: 142.029 GC heap before
{Heap before GC invocations=428 (full 3):
 PSYoungGen      total 12288K, used 7002K [0x00000000d5580000, 0x00000000d6280000, 0x0000000100000000)
  eden space 11776K, 58% used [0x00000000d5580000,0x00000000d5c36a48,0x00000000d6100000)
  from space 512K, 25% used [0x00000000d6200000,0x00000000d6220000,0x00000000d6280000)
  to   space 512K, 0% used [0x00000000d6180000,0x00000000d6180000,0x00000000d6200000)
 ParOldGen       total 868352K, used 867879K [0x0000000080000000, 0x00000000b5000000, 0x00000000d5580000)
  object space 868352K, 99% used [0x0000000080000000,0x00000000b4f89f38,0x00000000b5000000)
 Metaspace       used 65190K, committed 66688K, reserved 1114112K
  class space    used 7455K, committed 8064K, reserved 1048576K
}
Event: 142.030 GC heap after
{Heap after GC invocations=428 (full 3):
 PSYoungGen      total 12288K, used 96K [0x00000000d5580000, 0x00000000d6280000, 0x0000000100000000)
  eden space 11776K, 0% used [0x00000000d5580000,0x00000000d5580000,0x00000000d6100000)
  from space 512K, 18% used [0x00000000d6180000,0x00000000d6198000,0x00000000d6200000)
  to   space 512K, 0% used [0x00000000d6200000,0x00000000d6200000,0x00000000d6280000)
 ParOldGen       total 868352K, used 867903K [0x0000000080000000, 0x00000000b5000000, 0x00000000d5580000)
  object space 868352K, 99% used [0x0000000080000000,0x00000000b4f8ff38,0x00000000b5000000)
 Metaspace       used 65190K, committed 66688K, reserved 1114112K
  class space    used 7455K, committed 8064K, reserved 1048576K
}
Event: 142.045 GC heap before
{Heap before GC invocations=429 (full 3):
 PSYoungGen      total 12288K, used 6970K [0x00000000d5580000, 0x00000000d6280000, 0x0000000100000000)
  eden space 11776K, 58% used [0x00000000d5580000,0x00000000d5c36998,0x00000000d6100000)
  from space 512K, 18% used [0x00000000d6180000,0x00000000d6198000,0x00000000d6200000)
  to   space 512K, 0% used [0x00000000d6200000,0x00000000d6200000,0x00000000d6280000)
 ParOldGen       total 868352K, used 867903K [0x0000000080000000, 0x00000000b5000000, 0x00000000d5580000)
  object space 868352K, 99% used [0x0000000080000000,0x00000000b4f8ff38,0x00000000b5000000)
 Metaspace       used 65190K, committed 66688K, reserved 1114112K
  class space    used 7455K, committed 8064K, reserved 1048576K
}
Event: 142.046 GC heap after
{Heap after GC invocations=429 (full 3):
 PSYoungGen      total 12288K, used 128K [0x00000000d5580000, 0x00000000d6280000, 0x0000000100000000)
  eden space 11776K, 0% used [0x00000000d5580000,0x00000000d5580000,0x00000000d6100000)
  from space 512K, 25% used [0x00000000d6200000,0x00000000d6220000,0x00000000d6280000)
  to   space 512K, 0% used [0x00000000d6180000,0x00000000d6180000,0x00000000d6200000)
 ParOldGen       total 868352K, used 867927K [0x0000000080000000, 0x00000000b5000000, 0x00000000d5580000)
  object space 868352K, 99% used [0x0000000080000000,0x00000000b4f95f38,0x00000000b5000000)
 Metaspace       used 65190K, committed 66688K, reserved 1114112K
  class space    used 7455K, committed 8064K, reserved 1048576K
}
Event: 142.281 GC heap before
{Heap before GC invocations=430 (full 3):
 PSYoungGen      total 12288K, used 11382K [0x00000000d5580000, 0x00000000d6280000, 0x0000000100000000)
  eden space 11776K, 95% used [0x00000000d5580000,0x00000000d607d900,0x00000000d6100000)
  from space 512K, 25% used [0x00000000d6200000,0x00000000d6220000,0x00000000d6280000)
  to   space 512K, 0% used [0x00000000d6180000,0x00000000d6180000,0x00000000d6200000)
 ParOldGen       total 911360K, used 910310K [0x0000000080000000, 0x00000000b7a00000, 0x00000000d5580000)
  object space 911360K, 99% used [0x0000000080000000,0x00000000b78f9a08,0x00000000b7a00000)
 Metaspace       used 65190K, committed 66688K, reserved 1114112K
  class space    used 7455K, committed 8064K, reserved 1048576K
}
Event: 142.356 GC heap after
{Heap after GC invocations=430 (full 3):
 PSYoungGen      total 12288K, used 96K [0x00000000d5580000, 0x00000000d6280000, 0x0000000100000000)
  eden space 11776K, 0% used [0x00000000d5580000,0x00000000d5580000,0x00000000d6100000)
  from space 512K, 18% used [0x00000000d6180000,0x00000000d6198000,0x00000000d6200000)
  to   space 512K, 0% used [0x00000000d6200000,0x00000000d6200000,0x00000000d6280000)
 ParOldGen       total 911360K, used 910334K [0x0000000080000000, 0x00000000b7a00000, 0x00000000d5580000)
  object space 911360K, 99% used [0x0000000080000000,0x00000000b78ffa08,0x00000000b7a00000)
 Metaspace       used 65190K, committed 66688K, reserved 1114112K
  class space    used 7455K, committed 8064K, reserved 1048576K
}
Event: 142.381 GC heap before
{Heap before GC invocations=431 (full 3):
 PSYoungGen      total 12288K, used 7890K [0x00000000d5580000, 0x00000000d6280000, 0x0000000100000000)
  eden space 11776K, 66% used [0x00000000d5580000,0x00000000d5d1c968,0x00000000d6100000)
  from space 512K, 18% used [0x00000000d6180000,0x00000000d6198000,0x00000000d6200000)
  to   space 512K, 0% used [0x00000000d6200000,0x00000000d6200000,0x00000000d6280000)
 ParOldGen       total 911360K, used 910334K [0x0000000080000000, 0x00000000b7a00000, 0x00000000d5580000)
  object space 911360K, 99% used [0x0000000080000000,0x00000000b78ffa08,0x00000000b7a00000)
 Metaspace       used 65190K, committed 66688K, reserved 1114112K
  class space    used 7455K, committed 8064K, reserved 1048576K
}
Event: 142.386 GC heap after
{Heap after GC invocations=431 (full 3):
 PSYoungGen      total 12288K, used 96K [0x00000000d5580000, 0x00000000d6280000, 0x0000000100000000)
  eden space 11776K, 0% used [0x00000000d5580000,0x00000000d5580000,0x00000000d6100000)
  from space 512K, 18% used [0x00000000d6200000,0x00000000d6218000,0x00000000d6280000)
  to   space 512K, 0% used [0x00000000d6180000,0x00000000d6180000,0x00000000d6200000)
 ParOldGen       total 911360K, used 910398K [0x0000000080000000, 0x00000000b7a00000, 0x00000000d5580000)
  object space 911360K, 99% used [0x0000000080000000,0x00000000b790fa08,0x00000000b7a00000)
 Metaspace       used 65190K, committed 66688K, reserved 1114112K
  class space    used 7455K, committed 8064K, reserved 1048576K
}
Event: 142.401 GC heap before
{Heap before GC invocations=432 (full 3):
 PSYoungGen      total 12288K, used 6971K [0x00000000d5580000, 0x00000000d6280000, 0x0000000100000000)
  eden space 11776K, 58% used [0x00000000d5580000,0x00000000d5c36f48,0x00000000d6100000)
  from space 512K, 18% used [0x00000000d6200000,0x00000000d6218000,0x00000000d6280000)
  to   space 512K, 0% used [0x00000000d6180000,0x00000000d6180000,0x00000000d6200000)
 ParOldGen       total 911360K, used 910398K [0x0000000080000000, 0x00000000b7a00000, 0x00000000d5580000)
  object space 911360K, 99% used [0x0000000080000000,0x00000000b790fa08,0x00000000b7a00000)
 Metaspace       used 65190K, committed 66688K, reserved 1114112K
  class space    used 7455K, committed 8064K, reserved 1048576K
}
Event: 142.403 GC heap after
{Heap after GC invocations=432 (full 3):
 PSYoungGen      total 12288K, used 96K [0x00000000d5580000, 0x00000000d6280000, 0x0000000100000000)
  eden space 11776K, 0% used [0x00000000d5580000,0x00000000d5580000,0x00000000d6100000)
  from space 512K, 18% used [0x00000000d6180000,0x00000000d6198000,0x00000000d6200000)
  to   space 512K, 0% used [0x00000000d6200000,0x00000000d6200000,0x00000000d6280000)
 ParOldGen       total 911360K, used 910446K [0x0000000080000000, 0x00000000b7a00000, 0x00000000d5580000)
  object space 911360K, 99% used [0x0000000080000000,0x00000000b791ba08,0x00000000b7a00000)
 Metaspace       used 65190K, committed 66688K, reserved 1114112K
  class space    used 7455K, committed 8064K, reserved 1048576K
}
Event: 142.418 GC heap before
{Heap before GC invocations=433 (full 3):
 PSYoungGen      total 12288K, used 6962K [0x00000000d5580000, 0x00000000d6280000, 0x0000000100000000)
  eden space 11776K, 58% used [0x00000000d5580000,0x00000000d5c349c8,0x00000000d6100000)
  from space 512K, 18% used [0x00000000d6180000,0x00000000d6198000,0x00000000d6200000)
  to   space 512K, 0% used [0x00000000d6200000,0x00000000d6200000,0x00000000d6280000)
 ParOldGen       total 911360K, used 910446K [0x0000000080000000, 0x00000000b7a00000, 0x00000000d5580000)
  object space 911360K, 99% used [0x0000000080000000,0x00000000b791ba08,0x00000000b7a00000)
 Metaspace       used 65190K, committed 66688K, reserved 1114112K
  class space    used 7455K, committed 8064K, reserved 1048576K
}
Event: 142.419 GC heap after
{Heap after GC invocations=433 (full 3):
 PSYoungGen      total 12288K, used 128K [0x00000000d5580000, 0x00000000d6280000, 0x0000000100000000)
  eden space 11776K, 0% used [0x00000000d5580000,0x00000000d5580000,0x00000000d6100000)
  from space 512K, 25% used [0x00000000d6200000,0x00000000d6220000,0x00000000d6280000)
  to   space 512K, 0% used [0x00000000d6180000,0x00000000d6180000,0x00000000d6200000)
 ParOldGen       total 911360K, used 910470K [0x0000000080000000, 0x00000000b7a00000, 0x00000000d5580000)
  object space 911360K, 99% used [0x0000000080000000,0x00000000b7921a08,0x00000000b7a00000)
 Metaspace       used 65190K, committed 66688K, reserved 1114112K
  class space    used 7455K, committed 8064K, reserved 1048576K
}
Event: 142.436 GC heap before
{Heap before GC invocations=434 (full 3):
 PSYoungGen      total 12288K, used 6997K [0x00000000d5580000, 0x00000000d6280000, 0x0000000100000000)
  eden space 11776K, 58% used [0x00000000d5580000,0x00000000d5c35588,0x00000000d6100000)
  from space 512K, 25% used [0x00000000d6200000,0x00000000d6220000,0x00000000d6280000)
  to   space 512K, 0% used [0x00000000d6180000,0x00000000d6180000,0x00000000d6200000)
 ParOldGen       total 911360K, used 910470K [0x0000000080000000, 0x00000000b7a00000, 0x00000000d5580000)
  object space 911360K, 99% used [0x0000000080000000,0x00000000b7921a08,0x00000000b7a00000)
 Metaspace       used 65190K, committed 66688K, reserved 1114112K
  class space    used 7455K, committed 8064K, reserved 1048576K
}
Event: 142.438 GC heap after
{Heap after GC invocations=434 (full 3):
 PSYoungGen      total 12288K, used 96K [0x00000000d5580000, 0x00000000d6280000, 0x0000000100000000)
  eden space 11776K, 0% used [0x00000000d5580000,0x00000000d5580000,0x00000000d6100000)
  from space 512K, 18% used [0x00000000d6180000,0x00000000d6198000,0x00000000d6200000)
  to   space 512K, 0% used [0x00000000d6200000,0x00000000d6200000,0x00000000d6280000)
 ParOldGen       total 911360K, used 910494K [0x0000000080000000, 0x00000000b7a00000, 0x00000000d5580000)
  object space 911360K, 99% used [0x0000000080000000,0x00000000b7927a08,0x00000000b7a00000)
 Metaspace       used 65190K, committed 66688K, reserved 1114112K
  class space    used 7455K, committed 8064K, reserved 1048576K
}

